\BOOKMARK [1][-]{section.1}{Introduction}{}% 1
\BOOKMARK [2][-]{subsection.1.1}{Major topics}{section.1}% 2
\BOOKMARK [2][-]{subsection.1.2}{Objective}{section.1}% 3
\BOOKMARK [2][-]{subsection.1.3}{Contributions}{section.1}% 4
\BOOKMARK [2][-]{subsection.1.4}{Structure of the report}{section.1}% 5
\BOOKMARK [1][-]{section.2}{A generic model-code synchronization pattern}{}% 6
\BOOKMARK [2][-]{subsection.2.1}{Preliminary definition}{section.2}% 7
\BOOKMARK [2][-]{subsection.2.2}{Processes to synchronizing model and code}{section.2}% 8
\BOOKMARK [1][-]{section.3}{A complete code generation solution for UML State Machine}{}% 9
\BOOKMARK [2][-]{subsection.3.1}{Background definition}{section.3}% 10
\BOOKMARK [2][-]{subsection.3.2}{Thread-based Concurrency for UML State Machine}{section.3}% 11
\BOOKMARK [3][-]{subsubsection.3.2.1}{Thread-based concurrency analysis}{subsection.3.2}% 12
\BOOKMARK [3][-]{subsubsection.3.2.2}{Thread-based design of generated code}{subsection.3.2}% 13
\BOOKMARK [3][-]{subsubsection.3.2.3}{Deadlock avoidance}{subsection.3.2}% 14
\BOOKMARK [2][-]{subsection.3.3}{Assumption}{section.3}% 15
\BOOKMARK [2][-]{subsection.3.4}{State transformation}{section.3}% 16
\BOOKMARK [2][-]{subsection.3.5}{Region transformation}{section.3}% 17
\BOOKMARK [2][-]{subsection.3.6}{Event and transition transformation}{section.3}% 18
\BOOKMARK [3][-]{subsubsection.3.6.1}{Events}{subsection.3.6}% 19
\BOOKMARK [3][-]{subsubsection.3.6.2}{Transitions}{subsection.3.6}% 20
\BOOKMARK [3][-]{subsubsection.3.6.3}{Example Code}{subsection.3.6}% 21
\BOOKMARK [1][-]{section.4}{Ongoing work}{}% 22
